

Starting up. 13:37.42
---------------------
Adding game mode blob (blob) to configuration.
Adding game mode changeling (changeling) to configuration.
Adding game mode traitor+changeling (traitorchan) to configuration.
Adding game mode double agents (double_agents) to configuration.
Adding game mode traitor (traitor) to configuration.
Adding game mode cult (cult) to configuration.
Adding game mode extended (extended) to configuration.
Adding game mode AI malfunction (malfunction) to configuration.
Adding game mode meteor (meteor) to configuration.
Adding game mode nuclear emergency (nuclear) to configuration.
Adding game mode revolution (revolution) to configuration.
Adding game mode sandbox (sandbox) to configuration.
Adding game mode wizard (wizard) to configuration.
Saved mode is 'sandbox'
[13:37:42]ADMIN: Loading Banlistjob
[13:37:42]ADMIN: Banlistjob is empty.
[13:37:42]ADMIN: Banlistjob missing base dir.
[13:37:42]ADMIN: Loading jobban_rank
[13:37:42]ADMIN: jobban_keylist was empty
[13:37:42]ADMIN: Loading appearance_rank
[13:37:42]ADMIN: appearance_keylist was empty
[13:37:42]ADMIN: Updating jobbanfile!
[13:37:42]ADMIN: Loading Banlist
[13:37:42]ADMIN: Banlist is empty.
[13:37:42]ADMIN: Banlist missing base dir.
[13:37:43]ACCESS: Login: PLizzard/(PLizzard) from localhost-1886905086 || BYOND v506
[13:39:56]SAY: mouse/ : Squeek?
[13:40:00]SAY: mouse/ : Squeek!
[13:40:33]SAY: Mama Corgi/ : AUUUUUU
[13:40:37]SAY: mouse/ : Squeek!
[13:40:46]EMOTE: monkey (819)/ : <B>The monkey (819)</B> jumps!
[13:41:11]SAY: mouse/ : Squeek?
[13:41:17]SAY: mouse/ : Squeek?
[13:41:44]SAY: corgi puppy/ : Woof!
[13:41:53]EMOTE: monkey (917)/ : <B>The monkey (917)</B> jumps!
[13:42:26]SAY: mouse/ : SQUEEK!
[13:43:16]SAY: mouse/ : SQUEEK!
[13:43:32]EMOTE: Pun Pun/ : <B>Pun Pun</B> jumps!
[13:43:36]SAY: Poly/ : That hardsuit makes your ass look fat, braaaawk
[13:43:53]EMOTE: monkey (646)/ : <B>The monkey (646)</B> jumps!
[13:44:26]SAY: mouse/ : Squeek!
[13:44:51]SAY: mouse/ : Squeek?
[13:45:01]SAY: grey baby slime (17)/ : Lonely...
[13:46:47]SAY: corgi puppy/ : YAP
[13:47:03]EMOTE: monkey (898)/ : <B>The monkey (898)</B> jumps!
[13:47:03]EMOTE: Pun Pun/ : <B>Pun Pun</B> jumps!
[13:47:43]EMOTE: monkey (179)/ : <B>The monkey (179)</B> jumps!
[13:47:49]SAY: Runtime/ : HSSSSS
[13:48:06]SAY: corgi puppy/ : AUUUUUU
[13:48:16]EMOTE: monkey (663)/ : <B>The monkey (663)</B> jumps!
[13:48:32]EMOTE: monkey (312)/ : <B>The monkey (312)</B> jumps!
[13:48:40]SAY: mouse/ : SQUEEK!
[13:49:45]SAY: Poly/ : SHIT PLASMA LEAK
[13:49:57]SAY: mouse/ : SQUEEK!
[13:50:09]EMOTE: monkey (196)/ : <B>The monkey (196)</B> jumps!
[13:50:35]SAY: Mama Corgi/ : AUUUUUU
[13:50:41]EMOTE: monkey (267)/ : <B>The monkey (267)</B> jumps!
[13:50:44]EMOTE: monkey (876)/ : <B>The monkey (876)</B> jumps!
[13:50:45]SAY: Runtime/ : Esp!
[13:50:51]SAY: mouse/ : Squeek?
[13:51:08]SAY: Runtime/ : HSSSSS
[13:51:26]SAY: corgi puppy/ : YAP
[13:51:38]SAY: mouse/ : SQUEEK!
[13:51:57]SAY: Poly/ : SHIT PLASMA LEAK
[13:52:24]SAY: mouse/ : Squeek!
[13:52:32]SAY: mouse/ : Squeek!
[13:52:53]SAY: mouse/ : Squeek?
[13:53:28]SAY: mouse/ : SQUEEK!
[13:54:35]EMOTE: monkey (819)/ : <B>The monkey (819)</B> jumps!
[13:54:59]SAY: corgi puppy/ : Bark!
[13:55:22]EMOTE: Pun Pun/ : <B>Pun Pun</B> jumps!
[13:55:57]SAY: mouse/ : Squeek!
[13:56:00]SAY: mouse/ : SQUEEK!
[13:56:10]SAY: Poly/ : Poly wanna cracker!
[13:56:57]SAY: Poly/ : Poly wanna cracker!
[13:57:13]SAY: mouse/ : Squeek!
[13:57:14]SAY: grey baby slime (95)/ : Rawr...
[13:57:22]SAY: Ian/ : Woof!
[13:57:45]SAY: mouse/ : SQUEEK!
[13:59:24]SAY: mouse/ : Squeek!
[13:59:45]SAY: mouse/ : SQUEEK!
[13:59:47]EMOTE: monkey (876)/ : <B>The monkey (876)</B> jumps!
[13:59:52]SAY: grey baby slime (95)/ : Blorble...
[14:00:02]EMOTE: Pun Pun/ : <B>Pun Pun</B> jumps!
[14:00:12]SAY: mouse/ : SQUEEK!
[14:00:18]SAY: Pete/ : EHEHEHEHEH
[14:00:49]EMOTE: monkey (101)/ : <B>The monkey (101)</B> jumps!
[14:00:53]SAY: corgi puppy/ : Woof!
[14:01:07]EMOTE: monkey (179)/ : <B>The monkey (179)</B> jumps!
[14:01:07]SAY: Sgt. Pepper/ : AUUUUUU
[14:01:30]SAY: mouse/ : Squeek!
[14:01:42]SAY: mouse/ : Squeek!
[14:01:54]SAY: Poly/ : Can&#39;t talk now, Boners is on!
[14:02:06]SAY: Poly/ : SHIT PLASMA LEAK
[14:02:51]SAY: Ian/ : AUUUUUU
[14:02:55]EMOTE: monkey (267)/ : <B>The monkey (267)</B> jumps!
[14:03:03]SAY: mouse/ : SQUEEK!
[14:03:32]ACCESS: Logout: *no key*/(PLizzard)
[14:03:32]ACCESS: Login: PLizzard/(Jeannie Beck) from localhost-1886905086 || BYOND v506
[14:04:23]ADMIN: PLizzard/(Jeannie Beck) spawned /obj/item/device/flashlight/emp at (53,143,1)
[14:05:18]ADMIN: PLizzard/(Jeannie Beck) spawned /obj/item/weapon/card/emag at (57,143,1)
[14:05:23]SAY: corgi puppy/ : AUUUUUU
[14:05:38]SAY: mouse/ : SQUEEK!
[14:05:44]SAY: Poly/ : Throw his ass overboard
[14:06:13]ADMIN: PLizzard/(Jeannie Beck) spawned /obj/item/weapon/card/id/syndicate at (60,142,1)
[14:06:19]SAY: corgi puppy/ : Woof!
[14:06:19]SAY: Poly/ : Poly wanna cracker!
[14:06:24]SAY: Tom/ : Squeek!
[14:06:56]SAY: Runtime/ : Meow!
[14:07:21]EMOTE: monkey (196)/ : <B>The monkey (196)</B> jumps!
[14:07:46]EMOTE: monkey (876)/ : <B>The monkey (876)</B> jumps!
[14:07:58]SAY: Runtime/ : Meow!
[14:08:02]SAY: Sgt. Pepper/ : Woof!
[14:08:04]SAY: Papa Corgi/ : Bark!
[14:08:08]SAY: Poly/ : Poly wanna cracker!
[14:08:20]SAY: mouse/ : SQUEEK!
[14:08:27]ACCESS: Logout: PLizzard[DC]/(Jeannie Beck)


Starting up. 18:25.10
---------------------
Adding game mode blob (blob) to configuration.
Adding game mode changeling (changeling) to configuration.
Adding game mode traitor+changeling (traitorchan) to configuration.
Adding game mode double agents (double_agents) to configuration.
Adding game mode traitor (traitor) to configuration.
Adding game mode cult (cult) to configuration.
Adding game mode extended (extended) to configuration.
Adding game mode AI malfunction (malfunction) to configuration.
Adding game mode meteor (meteor) to configuration.
Adding game mode nuclear emergency (nuclear) to configuration.
Adding game mode revolution (revolution) to configuration.
Adding game mode sandbox (sandbox) to configuration.
Adding game mode wizard (wizard) to configuration.
Saved mode is 'sandbox'
[18:25:10]ADMIN: Loading Banlistjob
[18:25:10]ADMIN: Loading jobban_rank
[18:25:10]ADMIN: jobban_keylist was empty
[18:25:10]ADMIN: Loading appearance_rank
[18:25:10]ADMIN: appearance_keylist was empty
[18:25:10]ADMIN: Updating jobbanfile!
[18:25:10]ADMIN: Loading Banlist
[18:25:11]ACCESS: Login: PLizzard/(PLizzard) from localhost-1886905086 || BYOND v506


Starting up. 18:25.35
---------------------
Adding game mode blob (blob) to configuration.
Adding game mode changeling (changeling) to configuration.
Adding game mode traitor+changeling (traitorchan) to configuration.
Adding game mode double agents (double_agents) to configuration.
Adding game mode traitor (traitor) to configuration.
Adding game mode cult (cult) to configuration.
Adding game mode extended (extended) to configuration.
Adding game mode AI malfunction (malfunction) to configuration.
Adding game mode meteor (meteor) to configuration.
Adding game mode nuclear emergency (nuclear) to configuration.
Adding game mode revolution (revolution) to configuration.
Adding game mode sandbox (sandbox) to configuration.
Adding game mode wizard (wizard) to configuration.
Saved mode is 'sandbox'
[18:25:35]ADMIN: Loading Banlistjob
[18:25:35]ADMIN: Loading jobban_rank
[18:25:35]ADMIN: jobban_keylist was empty
[18:25:35]ADMIN: Loading appearance_rank
[18:25:35]ADMIN: appearance_keylist was empty
[18:25:35]ADMIN: Updating jobbanfile!
[18:25:35]ADMIN: Loading Banlist
[18:25:36]ACCESS: Login: PLizzard/(PLizzard) from localhost-1886905086 || BYOND v506
[18:25:54]ACCESS: Logout: PLizzard[DC]/(PLizzard)
[18:26:03]ADMIN: PLizzard has started the game.
[18:26:05]ACCESS: Logout: *no key*/(PLizzard)
[18:26:05]ACCESS: Login: PLizzard/(Jeannie Beck) from localhost-1886905086 || BYOND v506
[18:26:39]SAY: Tom/ : SQUEEK!
[18:26:49]SAY: Tom/ : Squeek!
[18:27:20]EMOTE: monkey (115)/ : <B>The monkey (115)</B> jumps!
[18:28:18]EMOTE: monkey (883)/ : <B>The monkey (883)</B> jumps!
[18:28:29]SAY: Pete/ : eh?
[18:28:35]EMOTE: monkey (958)/ : <B>The monkey (958)</B> jumps!
[18:29:20]SAY: mouse/ : Squeek?
[18:29:20]SAY: mouse/ : Squeek!
[18:29:44]SAY: Runtime/ : Purr!
[18:30:30]SAY: Pete/ : EHEHEHEHEH
[18:30:48]SAY: mouse/ : Squeek?
[18:30:57]EMOTE: monkey (677)/ : <B>The monkey (677)</B> jumps!
[18:30:59]EMOTE: monkey (677)/ : <B>The monkey (677)</B> jumps!
[18:31:17]ACCESS: Logout: PLizzard[DC]/(Jeannie Beck)


Starting up. 21:32.25
---------------------
Adding game mode blob (blob) to configuration.
Adding game mode changeling (changeling) to configuration.
Adding game mode traitor+changeling (traitorchan) to configuration.
Adding game mode double agents (double_agents) to configuration.
Adding game mode traitor (traitor) to configuration.
Adding game mode cult (cult) to configuration.
Adding game mode extended (extended) to configuration.
Adding game mode AI malfunction (malfunction) to configuration.
Adding game mode meteor (meteor) to configuration.
Adding game mode nuclear emergency (nuclear) to configuration.
Adding game mode revolution (revolution) to configuration.
Adding game mode sandbox (sandbox) to configuration.
Adding game mode wizard (wizard) to configuration.
Saved mode is 'sandbox'
[21:32:25]ADMIN: Loading Banlistjob
[21:32:25]ADMIN: Loading jobban_rank
[21:32:25]ADMIN: jobban_keylist was empty
[21:32:25]ADMIN: Loading appearance_rank
[21:32:25]ADMIN: appearance_keylist was empty
[21:32:25]ADMIN: Updating jobbanfile!
[21:32:25]ADMIN: Loading Banlist
[21:32:26]ACCESS: Login: PLizzard/(PLizzard) from localhost-1886905086 || BYOND v506
[21:34:59]SAY: mouse/ : Squeek!
[21:35:28]SAY: mouse/ : SQUEEK!
[21:35:36]SAY: mouse/ : Squeek?
[21:35:38]SAY: mouse/ : SQUEEK!
[21:36:09]ACCESS: Logout: PLizzard[DC]/(PLizzard)
