

Starting up. 13:21.04
---------------------


Starting up. 13:22.16
---------------------


Starting up. 13:24.10
---------------------
[13:27:37]ATTACK: <font color='red'>Jeannie Beck(plizzard) operated monkey (927) Operation type: cavity implant</font>
[13:29:00]ATTACK: <font color='red'>Jeannie Beck(plizzard) attempted to inject monkey (927) with DNA injector (Monkey > Human)</font>
[13:29:03]ATTACK: <font color='red'>Jeannie Beck(plizzard) injected monkey (927) with DNA injector (Monkey > Human)</font>
[13:29:05]ATTACK: PLizzard/(Jeannie Beck) injected *no key*/(monkey (927)) with the DNA injector (Monkey > Human)
[13:29:09]ATTACK: <font color='red'>Jeannie Beck(plizzard) grabbed Becky Best passively</font>
[13:29:36]ATTACK: <font color='red'>Jeannie Beck(plizzard) operated Becky Best Operation type: plastic surgery</font>
[13:29:59]ATTACK: <font color='red'>Jeannie Beck(plizzard) attacked Becky Best with hemostat(INTENT: HELP) (DAMTYE: BRUTE)</font>
[13:30:08]ATTACK: <font color='red'>Jeannie Beck(plizzard) attacked Becky Best with hemostat(INTENT: HELP) (DAMTYE: BRUTE)</font>
[13:30:47]ATTACK: <font color='red'>Jeannie Beck(plizzard) attacked Melissa Robertson with circular saw(INTENT: HELP) (DAMTYE: BRUTE)</font>


Starting up. 13:32.04
---------------------
[13:33:46]ATTACK: <font color='red'>Jeannie Beck(plizzard) climbed onto table </font>
[13:33:54]ATTACK: <font color='red'>Jeannie Beck(plizzard) climbed onto table </font>
[13:34:40]ATTACK: <font color='red'>Jeannie Beck(plizzard) climbed onto reinforced table </font>
[13:34:49]ATTACK: <font color='red'>Jeannie Beck(plizzard) climbed onto reinforced table </font>
[13:34:59]ATTACK: <font color='red'>Jeannie Beck(plizzard) climbed onto reinforced table </font>
[13:35:21]ATTACK: <font color='red'>Jeannie Beck(plizzard) climbed onto table </font>


Starting up. 14:17.47
---------------------


Starting up. 14:56.16
---------------------


Starting up. 15:00.04
---------------------


Starting up. 15:06.37
---------------------


Starting up. 15:07.42
---------------------


Starting up. 15:28.28
---------------------


Starting up. 23:04.23
---------------------
[23:07:47]ATTACK: <font color='red'>Jeannie Beck(plizzard) shot Test Dummy with The disabler beam</font>
[23:07:48]ATTACK: <font color='red'>Jeannie Beck(plizzard) shot Test Dummy with The disabler beam</font>
[23:07:49]ATTACK: <font color='red'>Jeannie Beck(plizzard) shot Test Dummy with The disabler beam</font>
[23:07:49]ATTACK: <font color='red'>Jeannie Beck(plizzard) shot Test Dummy with The disabler beam</font>
[23:07:50]ATTACK: <font color='red'>Jeannie Beck(plizzard) shot Test Dummy with The disabler beam</font>
[23:07:51]ATTACK: <font color='red'>Jeannie Beck(plizzard) shot Test Dummy with The disabler beam</font>
[23:07:52]ATTACK: <font color='red'>Jeannie Beck(plizzard) shot Test Dummy with The disabler beam</font>
[23:07:53]ATTACK: <font color='red'>Jeannie Beck(plizzard) shot Test Dummy with The disabler beam</font>
[23:08:02]ATTACK: <font color='red'>Jeannie Beck(plizzard) shot Unknown with The disabler beam</font>
[23:08:03]ATTACK: <font color='red'>Jeannie Beck(plizzard) shot Unknown with The disabler beam</font>
[23:08:03]ATTACK: <font color='red'>Jeannie Beck(plizzard) shot Unknown with The disabler beam</font>
[23:08:04]ATTACK: <font color='red'>Jeannie Beck(plizzard) shot Unknown with The disabler beam</font>
[23:08:04]ATTACK: <font color='red'>Jeannie Beck(plizzard) shot Unknown with The disabler beam</font>
[23:08:06]ATTACK: <font color='red'>Jeannie Beck(plizzard) shot Unknown with The disabler beam</font>
[23:08:06]ATTACK: <font color='red'>Jeannie Beck(plizzard) shot Unknown with The disabler beam</font>
[23:12:38]ATTACK: <font color='red'>Jeannie Beck(plizzard) shot Test Dummy with The electrode</font>
[23:12:41]ATTACK: <font color='red'>Jeannie Beck(plizzard) shot Unknown with The electrode</font>


Starting up. 23:23.30
---------------------
[23:25:49]ATTACK: <font color='red'>Jeannie Beck(plizzard) shot Unknown with The bolt</font>
[23:29:35]ATTACK: <font color='red'>Jeannie Beck(plizzard) shot Unknown with The bullet</font>
[23:29:42]ATTACK: <font color='red'>Jeannie Beck(plizzard) shot Unknown with The bullet</font>
[23:29:43]ATTACK: <font color='red'>Jeannie Beck(plizzard) shot Unknown with The bullet</font>
[23:30:02]ATTACK: <font color='red'>Jeannie Beck(plizzard) shot Unknown with The bullet</font>
[23:30:04]ATTACK: <font color='red'>Jeannie Beck(plizzard) shot Unknown with The bullet</font>
[23:30:22]ATTACK: <font color='red'>Jeannie Beck(plizzard) shot Unknown with The bullet</font>
[23:30:23]ATTACK: <font color='red'>Jeannie Beck(plizzard) shot Unknown with The bullet</font>
[23:32:23]ATTACK: <font color='red'>Jeannie Beck(plizzard) shot Unknown with The bullet</font>
[23:32:33]ATTACK: <font color='red'>Jeannie Beck(plizzard) shot Unknown with The bullet</font>
[23:33:21]ATTACK: <font color='red'>Jeannie Beck(plizzard) shot Unknown with The electrode</font>
[23:33:28]ATTACK: <font color='red'>Jeannie Beck(plizzard) shot Unknown with The electrode</font>
[23:33:31]ATTACK: <font color='red'>Jeannie Beck(plizzard) shot Unknown with The electrode</font>
[23:33:36]ATTACK: <font color='red'>Jeannie Beck(plizzard) shot Unknown with The electrode</font>
[23:33:38]ATTACK: <font color='red'>Jeannie Beck(plizzard) shot Unknown with The electrode</font>
[23:33:39]ATTACK: <font color='red'>Jeannie Beck(plizzard) shot Unknown with The electrode</font>
[23:33:46]ATTACK: <font color='red'>Jeannie Beck(plizzard) shot Unknown with The electrode</font>
[23:33:47]ATTACK: <font color='red'>Jeannie Beck(plizzard) shot Unknown with The electrode</font>
[23:33:48]ATTACK: <font color='red'>Jeannie Beck(plizzard) shot Unknown with The electrode</font>
[23:35:05]ATTACK: <font color='red'>Jeannie Beck(plizzard) shot Unknown with The bullet</font>
[23:35:33]ATTACK: <font color='red'>Jeannie Beck(plizzard) shot Unknown with The disabler beam</font>
[23:35:34]ATTACK: <font color='red'>Jeannie Beck(plizzard) shot Unknown with The disabler beam</font>
[23:35:34]ATTACK: <font color='red'>Jeannie Beck(plizzard) shot Unknown with The disabler beam</font>
[23:35:42]ATTACK: <font color='red'>Jeannie Beck(plizzard) shot Unknown with The disabler beam</font>


Starting up. 23:51.43
---------------------
[23:53:07]ATTACK: <font color='red'>Jeannie Beck(plizzard) shot Unknown with The bullet</font>
[23:53:09]ATTACK: <font color='red'>Jeannie Beck(plizzard) shot Unknown with The bullet</font>
