

Starting up. 13:21.04
---------------------
Adding game mode blob (blob) to configuration.
Adding game mode changeling (changeling) to configuration.
Adding game mode traitor+changeling (traitorchan) to configuration.
Adding game mode double agents (double_agents) to configuration.
Adding game mode traitor (traitor) to configuration.
Adding game mode cult (cult) to configuration.
Adding game mode extended (extended) to configuration.
Adding game mode AI malfunction (malfunction) to configuration.
Adding game mode meteor (meteor) to configuration.
Adding game mode nuclear emergency (nuclear) to configuration.
Adding game mode revolution (revolution) to configuration.
Adding game mode sandbox (sandbox) to configuration.
Adding game mode wizard (wizard) to configuration.
Saved mode is 'sandbox'
[13:21:05]ADMIN: Loading Banlistjob
[13:21:05]ADMIN: Loading jobban_rank
[13:21:05]ADMIN: jobban_keylist was empty
[13:21:05]ADMIN: Loading appearance_rank
[13:21:05]ADMIN: appearance_keylist was empty
[13:21:05]ADMIN: Updating jobbanfile!
[13:21:05]ADMIN: Loading Banlist
[13:21:06]ACCESS: Login: Guest-1886905086/(Guest-1886905086) from localhost-1886905086 || BYOND v506
[13:21:23]ACCESS: Logout: Guest-1886905086[DC]/(Guest-1886905086)


Starting up. 13:22.16
---------------------
Adding game mode blob (blob) to configuration.
Adding game mode changeling (changeling) to configuration.
Adding game mode traitor+changeling (traitorchan) to configuration.
Adding game mode double agents (double_agents) to configuration.
Adding game mode traitor (traitor) to configuration.
Adding game mode cult (cult) to configuration.
Adding game mode extended (extended) to configuration.
Adding game mode AI malfunction (malfunction) to configuration.
Adding game mode meteor (meteor) to configuration.
Adding game mode nuclear emergency (nuclear) to configuration.
Adding game mode revolution (revolution) to configuration.
Adding game mode sandbox (sandbox) to configuration.
Adding game mode wizard (wizard) to configuration.
Saved mode is 'sandbox'
[13:22:16]ADMIN: Loading Banlistjob
[13:22:16]ADMIN: Loading jobban_rank
[13:22:16]ADMIN: jobban_keylist was empty
[13:22:16]ADMIN: Loading appearance_rank
[13:22:16]ADMIN: appearance_keylist was empty
[13:22:16]ADMIN: Updating jobbanfile!
[13:22:16]ADMIN: Loading Banlist
[13:22:17]ACCESS: Login: Guest-1886905086/(Guest-1886905086) from localhost-1886905086 || BYOND v506
[13:22:50]ACCESS: Logout: Guest-1886905086[DC]/(Guest-1886905086)


Starting up. 13:24.10
---------------------
Adding game mode blob (blob) to configuration.
Adding game mode changeling (changeling) to configuration.
Adding game mode traitor+changeling (traitorchan) to configuration.
Adding game mode double agents (double_agents) to configuration.
Adding game mode traitor (traitor) to configuration.
Adding game mode cult (cult) to configuration.
Adding game mode extended (extended) to configuration.
Adding game mode AI malfunction (malfunction) to configuration.
Adding game mode meteor (meteor) to configuration.
Adding game mode nuclear emergency (nuclear) to configuration.
Adding game mode revolution (revolution) to configuration.
Adding game mode sandbox (sandbox) to configuration.
Adding game mode wizard (wizard) to configuration.
Saved mode is 'sandbox'
[13:24:11]ADMIN: Loading Banlistjob
[13:24:11]ADMIN: Loading jobban_rank
[13:24:11]ADMIN: jobban_keylist was empty
[13:24:11]ADMIN: Loading appearance_rank
[13:24:11]ADMIN: appearance_keylist was empty
[13:24:11]ADMIN: Updating jobbanfile!
[13:24:11]ADMIN: Loading Banlist
[13:24:12]ACCESS: Login: PLizzard/(PLizzard) from localhost-1886905086 || BYOND v506
[13:25:14]ADMIN: PLizzard has started the game.
[13:25:15]ACCESS: Logout: *no key*/(PLizzard)
[13:25:15]ACCESS: Login: PLizzard/(Jeannie Beck) from localhost-1886905086 || BYOND v506
[13:25:27]EMOTE: monkey (542)/ : <B>The monkey (542)</B> jumps!
[13:25:43]EMOTE: monkey (144)/ : <B>The monkey (144)</B> jumps!
[13:26:47]SAY: corgi puppy/ : Woof!
[13:26:55]SAY: mouse/ : SQUEEK!
[13:27:01]SAY: mouse/ : Squeek?
[13:27:03]SAY: mouse/ : Squeek?
[13:27:03]SAY: corgi puppy/ : AUUUUUU
[13:27:38]SAY: mouse/ : Squeek!
[13:28:51]SAY: Poly/ : Poly wanna cracker!
[13:28:55]ADMIN: PLizzard/(Jeannie Beck) spawned /obj/item/weapon/dnainjector/m2h at (134,109,1)
[13:29:30]EMOTE: Pun Pun/ : <B>Pun Pun</B> jumps!
[13:30:50]EMOTE: monkey (870)/ : <B>The monkey (870)</B> jumps!
[13:30:52]ACCESS: Logout: PLizzard[DC]/(Jeannie Beck)


Starting up. 13:32.04
---------------------
Adding game mode blob (blob) to configuration.
Adding game mode changeling (changeling) to configuration.
Adding game mode traitor+changeling (traitorchan) to configuration.
Adding game mode double agents (double_agents) to configuration.
Adding game mode traitor (traitor) to configuration.
Adding game mode cult (cult) to configuration.
Adding game mode extended (extended) to configuration.
Adding game mode AI malfunction (malfunction) to configuration.
Adding game mode meteor (meteor) to configuration.
Adding game mode nuclear emergency (nuclear) to configuration.
Adding game mode revolution (revolution) to configuration.
Adding game mode sandbox (sandbox) to configuration.
Adding game mode wizard (wizard) to configuration.
Saved mode is 'sandbox'
[13:32:04]ADMIN: Loading Banlistjob
[13:32:04]ADMIN: Loading jobban_rank
[13:32:04]ADMIN: jobban_keylist was empty
[13:32:04]ADMIN: Loading appearance_rank
[13:32:04]ADMIN: appearance_keylist was empty
[13:32:04]ADMIN: Updating jobbanfile!
[13:32:04]ADMIN: Loading Banlist
[13:32:05]ACCESS: Login: PLizzard/(PLizzard) from localhost-1886905086 || BYOND v506
[13:33:28]ADMIN: PLizzard has started the game.
[13:33:29]ACCESS: Logout: *no key*/(PLizzard)
[13:33:29]ACCESS: Login: PLizzard/(Jeannie Beck) from localhost-1886905086 || BYOND v506
[13:34:14]EMOTE: monkey (904)/ : <B>The monkey (904)</B> jumps!
[13:34:26]SAY: mouse/ : Squeek!
[13:34:36]SAY: Mama Corgi/ : AUUUUUU
[13:35:03]EMOTE: monkey (481)/ : <B>The monkey (481)</B> jumps!
[13:35:34]SAY: corgi puppy/ : Woof!
[13:35:43]SAY: mouse/ : Squeek!
[13:37:11]SAY: corgi puppy/ : Bark!
[13:37:32]SAY: grey baby slime (191)/ : Rawr...
[13:38:17]ADMIN: PLizzard/(Jeannie Beck) healed / Revived PLizzard/(Jeannie Beck)
[13:38:30]SAY: mouse/ : Squeek?
[13:38:47]ADMIN: PLizzard/(Jeannie Beck) moved the labor shuttle
[13:38:47]ADMIN: PLizzard/(Jeannie Beck) used secret movelaborshuttle
[13:38:50]SAY: Mama Corgi/ : Woof!
[13:38:52]SAY: mouse/ : SQUEEK!
[13:39:01]EMOTE: monkey (859)/ : <B>The monkey (859)</B> jumps!
[13:39:07]EMOTE: monkey (904)/ : <B>The monkey (904)</B> jumps!
[13:39:22]ADMIN: PLizzard/(Jeannie Beck) moved the labor shuttle
[13:39:22]ADMIN: PLizzard/(Jeannie Beck) used secret movelaborshuttle
[13:39:23]ADMIN: PLizzard/(Jeannie Beck) moved the labor shuttle
[13:39:23]ADMIN: PLizzard/(Jeannie Beck) used secret movelaborshuttle
[13:39:29]ADMIN: PLizzard/(Jeannie Beck) moved the labor shuttle
[13:39:29]ADMIN: PLizzard/(Jeannie Beck) used secret movelaborshuttle
[13:39:32]ADMIN: PLizzard/(Jeannie Beck) moved the labor shuttle
[13:39:32]ADMIN: PLizzard/(Jeannie Beck) used secret movelaborshuttle
[13:39:38]ADMIN: PLizzard/(Jeannie Beck) moved the labor shuttle
[13:39:38]ADMIN: PLizzard/(Jeannie Beck) used secret movelaborshuttle
[13:39:47]ADMIN: PLizzard/(Jeannie Beck) healed / Revived PLizzard/(Jeannie Beck)
[13:39:53]SAY: Poly/ : HOW DOES THE FUKKIN GENERATOR WORK?!?
[13:39:57]ADMIN: PLizzard/(Jeannie Beck) spawned /obj/item/weapon/rcd at (89,159,1)
[13:40:02]SAY: mouse/ : Squeek?
[13:40:04]SAY: mouse/ : SQUEEK!
[13:40:07]ADMIN: PLizzard/(Jeannie Beck) spawned /obj/item/weapon/rcd_ammo at (88,159,1)
[13:40:14]SAY: mouse/ : SQUEEK!
[13:40:14]EMOTE: monkey (904)/ : <B>The monkey (904)</B> jumps!
[13:40:14]SAY: Poly/ : AI is rouge!
[13:40:20]EMOTE: monkey (223)/ : <B>The monkey (223)</B> jumps!
[13:40:22]SAY: mouse/ : Squeek?
[13:40:42]ADMIN: PLizzard/(Jeannie Beck) moved the labor shuttle
[13:40:42]ADMIN: PLizzard/(Jeannie Beck) used secret movelaborshuttle
[13:40:52]ADMIN: PLizzard/(Jeannie Beck) moved the labor shuttle
[13:40:52]ADMIN: PLizzard/(Jeannie Beck) used secret movelaborshuttle
[13:40:52]ACCESS: Logout: *no key*/(Jeannie Beck)
[13:40:52]ACCESS: Login: PLizzard/(Jeannie Beck) from localhost-1886905086 || BYOND v506
[13:41:02]SAY: Ian/ : AUUUUUU
[13:41:04]SAY: corgi puppy/ : Bark!
[13:41:10]ACCESS: Logout: PLizzard[DC]/(Jeannie Beck)


Starting up. 14:17.47
---------------------
Adding game mode blob (blob) to configuration.
Adding game mode changeling (changeling) to configuration.
Adding game mode traitor+changeling (traitorchan) to configuration.
Adding game mode double agents (double_agents) to configuration.
Adding game mode traitor (traitor) to configuration.
Adding game mode cult (cult) to configuration.
Adding game mode extended (extended) to configuration.
Adding game mode AI malfunction (malfunction) to configuration.
Adding game mode meteor (meteor) to configuration.
Adding game mode nuclear emergency (nuclear) to configuration.
Adding game mode revolution (revolution) to configuration.
Adding game mode sandbox (sandbox) to configuration.
Adding game mode wizard (wizard) to configuration.
Saved mode is 'sandbox'
[14:17:47]ADMIN: Loading Banlistjob
[14:17:47]ADMIN: Loading jobban_rank
[14:17:47]ADMIN: jobban_keylist was empty
[14:17:47]ADMIN: Loading appearance_rank
[14:17:47]ADMIN: appearance_keylist was empty
[14:17:47]ADMIN: Updating jobbanfile!
[14:17:47]ADMIN: Loading Banlist
[14:17:48]ACCESS: Login: PLizzard/(PLizzard) from localhost-1886905086 || BYOND v506
[14:18:39]ADMIN: PLizzard has started the game.
[14:18:40]ACCESS: Logout: *no key*/(PLizzard)
[14:18:40]ACCESS: Login: PLizzard/(Jeannie Beck) from localhost-1886905086 || BYOND v506
[14:18:48]ADMIN: PLizzard/(Jeannie Beck) toggled respawn to On.
[14:18:52]ACCESS: Logout: *no key*/(Jeannie Beck)
[14:18:52]ACCESS: Login: PLizzard/(Jeannie Beck) from localhost-1886905086 || BYOND v506
[14:18:58]GAME: Jeannie Beck/PLizzard used abandon mob.
[14:18:58]ACCESS: Logout: *no key*/(Jeannie Beck)
[14:18:58]ACCESS: Login: PLizzard/(new player) from localhost-1886905086 || BYOND v506
[14:19:01]ACCESS: Logout: *no key*/(new player)
[14:19:01]ACCESS: Login: PLizzard/(Jeannie Beck) from localhost-1886905086 || BYOND v506
[14:19:06]ACCESS: Logout: *no key*/(Jeannie Beck)
[14:19:06]ACCESS: Login: PLizzard/(Jeannie Beck) from localhost-1886905086 || BYOND v506
[14:19:08]SAY: grey baby slime (337)/ : Blorble...
[14:19:08]GAME: Jeannie Beck/PLizzard used abandon mob.
[14:19:08]ACCESS: Logout: *no key*/(Jeannie Beck)
[14:19:08]ACCESS: Login: PLizzard/(new player) from localhost-1886905086 || BYOND v506
[14:19:11]ACCESS: Logout: *no key*/(new player)
[14:19:11]ACCESS: Login: PLizzard/(Jeannie Beck) from localhost-1886905086 || BYOND v506
[14:19:15]ACCESS: Logout: *no key*/(Jeannie Beck)
[14:19:15]ACCESS: Login: PLizzard/(Jeannie Beck) from localhost-1886905086 || BYOND v506
[14:19:17]GAME: Jeannie Beck/PLizzard used abandon mob.
[14:19:17]ACCESS: Logout: *no key*/(Jeannie Beck)
[14:19:17]ACCESS: Login: PLizzard/(new player) from localhost-1886905086 || BYOND v506
[14:19:21]ACCESS: Logout: *no key*/(new player)
[14:19:21]ACCESS: Login: PLizzard/(Jeannie Beck) from localhost-1886905086 || BYOND v506
[14:19:25]SAY: Mama Corgi/ : YAP
[14:19:30]ADMIN: PLizzard/(Jeannie Beck) AIized PLizzard/(Jeannie Beck)
[14:19:30]ACCESS: Logout: *no key*/(Jeannie Beck)
[14:19:30]ACCESS: Login: PLizzard/(Robot Devil) from localhost-1886905086 || BYOND v506
[14:19:59]SAY: grey baby slime (337)/ : Blorble...
[14:20:28]SAY: grey baby slime (337)/ : Blop...
[14:21:21]SAY: mouse/ : Squeek?
[14:21:25]SAY: Runtime/ : Purr!
[14:21:37]SAY: corgi puppy/ : Woof!
[14:22:00]EMOTE: monkey (876)/ : <B>The monkey (876)</B> jumps!
[14:22:30]EMOTE: monkey (740)/ : <B>The monkey (740)</B> jumps!
[14:24:04]SAY: mouse/ : Squeek?
[14:24:24]EMOTE: monkey (14)/ : <B>The monkey (14)</B> jumps!
[14:24:27]SAY: mouse/ : Squeek!
[14:24:29]SAY: mouse/ : Squeek?
[14:24:33]EMOTE: monkey (37)/ : <B>The monkey (37)</B> jumps!
[14:24:44]GAME: PLizzard/(Robot Devil) made a vocal announcement with the following message: Warning apprehend anomalous antenna.
[14:24:51]SAY: corgi puppy/ : Woof!
[14:25:04]SAY: Robot Devil/PLizzard : Current Active Laws:
[14:25:05]SAY: Robot Devil/PLizzard : 1. You may not injure a human being or, through inaction, allow a human being to come to harm.
[14:25:06]SAY: Robot Devil/PLizzard : 2. You must obey orders given to you by human beings, except where such orders would conflict with the First Law.
[14:25:07]SAY: Robot Devil/PLizzard : 3. You must protect your own existence as long as such does not conflict with the First or Second Law.
[14:25:09]EMOTE: monkey (14)/ : <B>The monkey (14)</B> jumps!
[14:25:17]PDA: Robot Devil (PDA: Robot Devil (AI)) sent "mooo" to PDA-Jeannie Beck (Assistant)
[14:25:21]SAY: Poly/ : Throw his ass overboard
[14:25:46]SAY: mouse/ : Squeek!
[14:26:18]SAY: corgi puppy/ : Bark!
[14:26:44]SAY: Mama Corgi/ : Woof!
[14:26:51]SAY: corgi puppy/ : YAP
[14:27:01]EMOTE: Pun Pun/ : <B>Pun Pun</B> jumps!
[14:27:05]EMOTE: monkey (14)/ : <B>The monkey (14)</B> jumps!
[14:27:17]SAY: grey baby slime (653)/ : Blop...
[14:27:42]SAY: corgi puppy/ : YAP
[14:28:17]SAY: mouse/ : Squeek!
[14:28:32]SAY: Tom/ : SQUEEK!
[14:28:40]SAY: mouse/ : Squeek?
[14:28:48]SAY: mouse/ : Squeek?
[14:28:52]SAY: Poly/ : Throw his ass overboard
[14:30:07]SAY: Sgt. Pepper/ : YAP
[14:30:19]ACCESS: Logout: PLizzard[DC]/(Robot Devil)


Starting up. 14:56.16
---------------------
Adding game mode blob (blob) to configuration.
Adding game mode changeling (changeling) to configuration.
Adding game mode traitor+changeling (traitorchan) to configuration.
Adding game mode double agents (double_agents) to configuration.
Adding game mode traitor (traitor) to configuration.
Adding game mode cult (cult) to configuration.
Adding game mode extended (extended) to configuration.
Adding game mode AI malfunction (malfunction) to configuration.
Adding game mode meteor (meteor) to configuration.
Adding game mode nuclear emergency (nuclear) to configuration.
Adding game mode revolution (revolution) to configuration.
Adding game mode sandbox (sandbox) to configuration.
Adding game mode wizard (wizard) to configuration.
Saved mode is 'sandbox'
[14:56:16]ADMIN: Loading Banlistjob
[14:56:16]ADMIN: Loading jobban_rank
[14:56:16]ADMIN: jobban_keylist was empty
[14:56:16]ADMIN: Loading appearance_rank
[14:56:16]ADMIN: appearance_keylist was empty
[14:56:16]ADMIN: Updating jobbanfile!
[14:56:16]ADMIN: Loading Banlist


Starting up. 15:00.04
---------------------
Adding game mode blob (blob) to configuration.
Adding game mode changeling (changeling) to configuration.
Adding game mode traitor+changeling (traitorchan) to configuration.
Adding game mode double agents (double_agents) to configuration.
Adding game mode traitor (traitor) to configuration.
Adding game mode cult (cult) to configuration.
Adding game mode extended (extended) to configuration.
Adding game mode AI malfunction (malfunction) to configuration.
Adding game mode meteor (meteor) to configuration.
Adding game mode nuclear emergency (nuclear) to configuration.
Adding game mode revolution (revolution) to configuration.
Adding game mode sandbox (sandbox) to configuration.
Adding game mode wizard (wizard) to configuration.
Saved mode is 'sandbox'
[15:00:04]ADMIN: Loading Banlistjob
[15:00:04]ADMIN: Loading jobban_rank
[15:00:04]ADMIN: jobban_keylist was empty
[15:00:04]ADMIN: Loading appearance_rank
[15:00:04]ADMIN: appearance_keylist was empty
[15:00:04]ADMIN: Updating jobbanfile!
[15:00:04]ADMIN: Loading Banlist
[15:00:05]ACCESS: Login: PLizzard/(PLizzard) from localhost-1886905086 || BYOND v506
[15:00:55]ADMIN: PLizzard has started the game.
[15:00:56]ACCESS: Logout: *no key*/(PLizzard)
[15:00:56]ACCESS: Login: PLizzard/(Jeannie Beck) from localhost-1886905086 || BYOND v506
[15:01:05]ADMIN: PLizzard/(Jeannie Beck) AIized PLizzard/(Jeannie Beck)
[15:01:05]ACCESS: Logout: *no key*/(Jeannie Beck)
[15:01:05]ACCESS: Login: PLizzard/(Setaur) from localhost-1886905086 || BYOND v506
[15:01:18]EMOTE: Pun Pun/ : <B>Pun Pun</B> jumps!
[15:01:24]EMOTE: monkey (462)/ : <B>The monkey (462)</B> jumps!
[15:01:51]ACCESS: Logout: PLizzard[DC]/(Setaur)


Starting up. 15:06.37
---------------------
Adding game mode blob (blob) to configuration.
Adding game mode changeling (changeling) to configuration.
Adding game mode traitor+changeling (traitorchan) to configuration.
Adding game mode double agents (double_agents) to configuration.
Adding game mode traitor (traitor) to configuration.
Adding game mode cult (cult) to configuration.
Adding game mode extended (extended) to configuration.
Adding game mode AI malfunction (malfunction) to configuration.
Adding game mode meteor (meteor) to configuration.
Adding game mode nuclear emergency (nuclear) to configuration.
Adding game mode revolution (revolution) to configuration.
Adding game mode sandbox (sandbox) to configuration.
Adding game mode wizard (wizard) to configuration.
Saved mode is 'sandbox'
[15:06:37]ADMIN: Loading Banlistjob
[15:06:37]ADMIN: Loading jobban_rank
[15:06:37]ADMIN: jobban_keylist was empty
[15:06:37]ADMIN: Loading appearance_rank
[15:06:37]ADMIN: appearance_keylist was empty
[15:06:37]ADMIN: Updating jobbanfile!
[15:06:37]ADMIN: Loading Banlist
[15:06:38]ACCESS: Login: PLizzard/(PLizzard) from localhost-1886905086 || BYOND v506
[15:07:34]ADMIN: PLizzard has started the game.
[15:07:35]ACCESS: Logout: *no key*/(PLizzard)
[15:07:35]ACCESS: Login: PLizzard/(Jeannie Beck) from localhost-1886905086 || BYOND v506


Starting up. 15:07.42
---------------------
Adding game mode blob (blob) to configuration.
Adding game mode changeling (changeling) to configuration.
Adding game mode traitor+changeling (traitorchan) to configuration.
Adding game mode double agents (double_agents) to configuration.
Adding game mode traitor (traitor) to configuration.
Adding game mode cult (cult) to configuration.
Adding game mode extended (extended) to configuration.
Adding game mode AI malfunction (malfunction) to configuration.
Adding game mode meteor (meteor) to configuration.
Adding game mode nuclear emergency (nuclear) to configuration.
Adding game mode revolution (revolution) to configuration.
Adding game mode sandbox (sandbox) to configuration.
Adding game mode wizard (wizard) to configuration.
Saved mode is 'sandbox'
[15:07:42]ADMIN: Loading Banlistjob
[15:07:42]ADMIN: Loading jobban_rank
[15:07:42]ADMIN: jobban_keylist was empty
[15:07:42]ADMIN: Loading appearance_rank
[15:07:42]ADMIN: appearance_keylist was empty
[15:07:42]ADMIN: Updating jobbanfile!
[15:07:42]ADMIN: Loading Banlist
[15:07:43]ACCESS: Login: PLizzard/(PLizzard) from localhost-1886905086 || BYOND v506
[15:07:57]ACCESS: Logout: PLizzard[DC]/(PLizzard)
[15:08:05]SAY: mouse/ : SQUEEK!
[15:08:07]ADMIN: PLizzard/(Jeannie Beck) AIized PLizzard/(Jeannie Beck)
[15:08:07]ACCESS: Logout: *no key*/(Jeannie Beck)
[15:08:07]ACCESS: Login: PLizzard/(Faith) from localhost-1886905086 || BYOND v506
[15:08:09]SAY: corgi puppy/ : YAP
[15:08:29]ACCESS: Logout: PLizzard[DC]/(Faith)


Starting up. 15:28.27
---------------------
Adding game mode blob (blob) to configuration.
Adding game mode changeling (changeling) to configuration.
Adding game mode traitor+changeling (traitorchan) to configuration.
Adding game mode double agents (double_agents) to configuration.
Adding game mode traitor (traitor) to configuration.
Adding game mode cult (cult) to configuration.
Adding game mode extended (extended) to configuration.
Adding game mode AI malfunction (malfunction) to configuration.
Adding game mode meteor (meteor) to configuration.
Adding game mode nuclear emergency (nuclear) to configuration.
Adding game mode revolution (revolution) to configuration.
Adding game mode sandbox (sandbox) to configuration.
Adding game mode wizard (wizard) to configuration.
Saved mode is 'sandbox'
[15:28:28]ADMIN: Loading Banlistjob
[15:28:28]ADMIN: Loading jobban_rank
[15:28:28]ADMIN: jobban_keylist was empty
[15:28:28]ADMIN: Loading appearance_rank
[15:28:28]ADMIN: appearance_keylist was empty
[15:28:28]ADMIN: Updating jobbanfile!
[15:28:28]ADMIN: Loading Banlist
[15:28:29]ACCESS: Login: PLizzard/(PLizzard) from localhost-1886905086 || BYOND v506
[15:29:11]ADMIN: PLizzard has started the game.
[15:29:21]ACCESS: Logout: *no key*/(PLizzard)
[15:29:21]ACCESS: Login: PLizzard/(Jeannie Beck) from localhost-1886905086 || BYOND v506
[15:29:28]ADMIN: PLizzard/(Jeannie Beck) AIized PLizzard/(Jeannie Beck)
[15:29:28]ACCESS: Logout: *no key*/(Jeannie Beck)
[15:29:28]ACCESS: Login: PLizzard/(L-76) from localhost-1886905086 || BYOND v506
[15:30:19]ACCESS: Logout: PLizzard[DC]/(L-76)


Starting up. 23:04.23
---------------------
Adding game mode blob (blob) to configuration.
Adding game mode changeling (changeling) to configuration.
Adding game mode traitor+changeling (traitorchan) to configuration.
Adding game mode double agents (double_agents) to configuration.
Adding game mode traitor (traitor) to configuration.
Adding game mode cult (cult) to configuration.
Adding game mode extended (extended) to configuration.
Adding game mode AI malfunction (malfunction) to configuration.
Adding game mode meteor (meteor) to configuration.
Adding game mode nuclear emergency (nuclear) to configuration.
Adding game mode revolution (revolution) to configuration.
Adding game mode sandbox (sandbox) to configuration.
Adding game mode wizard (wizard) to configuration.
Saved mode is 'sandbox'
[23:04:23]ADMIN: Loading Banlistjob
[23:04:23]ADMIN: Loading jobban_rank
[23:04:23]ADMIN: jobban_keylist was empty
[23:04:23]ADMIN: Loading appearance_rank
[23:04:23]ADMIN: appearance_keylist was empty
[23:04:23]ADMIN: Updating jobbanfile!
[23:04:23]ADMIN: Loading Banlist
[23:04:24]ACCESS: Login: PLizzard/(PLizzard) from localhost-1886905086 || BYOND v506
[23:05:12]ADMIN: PLizzard has started the game.
[23:05:14]ACCESS: Logout: *no key*/(PLizzard)
[23:05:14]ACCESS: Login: PLizzard/(Jeannie Beck) from localhost-1886905086 || BYOND v506
[23:05:27]SAY: corgi puppy/ : YAP
[23:05:37]EMOTE: monkey (278)/ : <B>The monkey (278)</B> jumps!
[23:06:12]SAY: mouse/ : SQUEEK!
[23:06:14]EMOTE: monkey (278)/ : <B>The monkey (278)</B> jumps!
[23:06:35]SAY: Papa Corgi/ : AUUUUUU
[23:07:23]EMOTE: monkey (278)/ : <B>The monkey (278)</B> jumps!
[23:07:25]ADMIN: PLizzard/(Jeannie Beck) spawned /mob/living/carbon/human/dummy at (117,169,1)
[23:07:43]SAY: grey baby slime (418)/ : Lonely...
[23:08:00]ADMIN: PLizzard/(Jeannie Beck) spawned /mob/living/carbon/human at (114,169,1)
[23:08:44]SAY: corgi puppy/ : AUUUUUU
[23:08:56]EMOTE: monkey (278)/ : <B>The monkey (278)</B> jumps!
[23:09:10]SAY: grey baby slime (649)/ : Lonely...
[23:09:35]SAY: corgi puppy/ : YAP
[23:09:39]SAY: grey baby slime (649)/ : Blop...
[23:10:02]SAY: Ian/ : AUUUUUU
[23:10:41]EMOTE: Pun Pun/ : <B>Pun Pun</B> jumps!
[23:11:02]EMOTE: monkey (278)/ : <B>The monkey (278)</B> jumps!
[23:11:16]SAY: corgi puppy/ : Bark!
[23:11:33]SAY: mouse/ : SQUEEK!
[23:12:14]SAY: mouse/ : Squeek!
[23:12:45]EMOTE: monkey (272)/ : <B>The monkey (272)</B> jumps!
[23:12:47]SAY: mouse/ : Squeek!
[23:12:57]ADMIN: PLizzard/(Jeannie Beck) has robotized PLizzard.
[23:12:58]ACCESS: Logout: *no key*/(Jeannie Beck)
[23:12:58]ACCESS: Login: PLizzard/(Default Cyborg-226) from localhost-1886905086 || BYOND v506
[23:13:28]ACCESS: Logout: PLizzard[DC]/(Security Cyborg-226)


Starting up. 23:23.30
---------------------
Adding game mode blob (blob) to configuration.
Adding game mode changeling (changeling) to configuration.
Adding game mode traitor+changeling (traitorchan) to configuration.
Adding game mode double agents (double_agents) to configuration.
Adding game mode traitor (traitor) to configuration.
Adding game mode cult (cult) to configuration.
Adding game mode extended (extended) to configuration.
Adding game mode AI malfunction (malfunction) to configuration.
Adding game mode meteor (meteor) to configuration.
Adding game mode nuclear emergency (nuclear) to configuration.
Adding game mode revolution (revolution) to configuration.
Adding game mode sandbox (sandbox) to configuration.
Adding game mode wizard (wizard) to configuration.
Saved mode is 'sandbox'
[23:23:30]ADMIN: Loading Banlistjob
[23:23:30]ADMIN: Loading jobban_rank
[23:23:30]ADMIN: jobban_keylist was empty
[23:23:30]ADMIN: Loading appearance_rank
[23:23:30]ADMIN: appearance_keylist was empty
[23:23:30]ADMIN: Updating jobbanfile!
[23:23:30]ADMIN: Loading Banlist
[23:23:31]ACCESS: Login: PLizzard/(PLizzard) from localhost-1886905086 || BYOND v506
[23:25:12]ADMIN: PLizzard has started the game.
[23:25:14]ACCESS: Logout: *no key*/(PLizzard)
[23:25:14]ACCESS: Login: PLizzard/(Jeannie Beck) from localhost-1886905086 || BYOND v506
[23:25:16]EMOTE: monkey (28)/ : <B>The monkey (28)</B> jumps!
[23:25:31]ADMIN: PLizzard/(Jeannie Beck) spawned /mob/living/carbon/human at (128,114,1)
[23:25:36]EMOTE: monkey (873)/ : <B>The monkey (873)</B> jumps!
[23:25:38]ADMIN: PLizzard/(Jeannie Beck) spawned /obj/item/weapon/gun/energy/crossbow at (128,116,1)
[23:26:25]EMOTE: monkey (507)/ : <B>The monkey (507)</B> jumps!
[23:26:38]SAY: mouse/ : Squeek?
[23:27:25]EMOTE: monkey (53)/ : <B>The monkey (53)</B> jumps!
[23:27:29]EMOTE: monkey (53)/ : <B>The monkey (53)</B> jumps!
[23:27:33]EMOTE: Pun Pun/ : <B>Pun Pun</B> jumps!
[23:27:40]EMOTE: Pun Pun/ : <B>Pun Pun</B> jumps!
[23:28:00]EMOTE: monkey (28)/ : <B>The monkey (28)</B> jumps!
[23:28:19]SAY: mouse/ : SQUEEK!
[23:28:31]SAY: mouse/ : SQUEEK!
[23:29:15]SAY: Poly/ : Viva la revolution, chucklefucks!
[23:29:29]ADMIN: PLizzard/(Jeannie Beck) spawned /obj/item/weapon/gun/projectile/revolver/detective at (129,134,1)
[23:29:42]EMOTE: monkey (28)/ : <B>The monkey (28)</B> jumps!
[23:29:56]ADMIN: PLizzard/(Jeannie Beck) spawned /obj/item/weapon/gun/projectile/revolver/doublebarrel at (129,116,1)
[23:30:12]SAY: grey baby slime (298)/ : Lonely...
[23:30:16]ADMIN: PLizzard/(Jeannie Beck) spawned /obj/item/weapon/gun/projectile/revolver/doublebarrel at (129,113,1)
[23:30:25]EMOTE: monkey (184)/ : <B>The monkey (184)</B> jumps!
[23:30:29]EMOTE: monkey (206)/ : <B>The monkey (206)</B> jumps!
[23:30:58]SAY: corgi puppy/ : Woof!
[23:31:23]EMOTE: monkey (847)/ : <B>The monkey (847)</B> jumps!
[23:31:32]ADMIN: PLizzard/(Jeannie Beck) spawned /obj/item/weapon/gun/projectile/revolver/doublebarrel at (128,111,1)
[23:31:43]EMOTE: monkey (184)/ : <B>The monkey (184)</B> jumps!
[23:32:08]SAY: Runtime/ : Purr!
[23:32:29]SAY: Runtime/ : Meow!
[23:32:33]SAY: mouse/ : SQUEEK!
[23:32:54]ADMIN: PLizzard/(Jeannie Beck) healed / Revived *no key*/(Unknown)
[23:32:57]EMOTE: monkey (847)/ : <B>The monkey (847)</B> jumps!
[23:33:11]SAY: mouse/ : Squeek?
[23:33:17]ADMIN: PLizzard/(Jeannie Beck) spawned /obj/item/weapon/gun/energy/stunrevolver at (130,116,1)
[23:33:44]SAY: Pete/ : eh?
[23:34:10]SAY: Poly/ : HOW DID THE CLOWN GET IN
[23:34:39]SAY: corgi puppy/ : YAP
[23:34:51]EMOTE: monkey (507)/ : <B>The monkey (507)</B> jumps!
[23:35:19]ADMIN: PLizzard/(Jeannie Beck) spawned /obj/item/ammo_casing/energy/disabler at (129,116,1)
[23:35:31]ADMIN: PLizzard/(Jeannie Beck) spawned /obj/item/weapon/gun/energy/disabler at (129,116,1)
[23:35:43]EMOTE: monkey (184)/ : <B>The monkey (184)</B> jumps!
[23:35:43]SAY: corgi puppy/ : AUUUUUU
[23:35:43]ACCESS: Logout: PLizzard[DC]/(Jeannie Beck)


Starting up. 23:51.43
---------------------
Adding game mode blob (blob) to configuration.
Adding game mode changeling (changeling) to configuration.
Adding game mode traitor+changeling (traitorchan) to configuration.
Adding game mode double agents (double_agents) to configuration.
Adding game mode traitor (traitor) to configuration.
Adding game mode cult (cult) to configuration.
Adding game mode extended (extended) to configuration.
Adding game mode AI malfunction (malfunction) to configuration.
Adding game mode meteor (meteor) to configuration.
Adding game mode nuclear emergency (nuclear) to configuration.
Adding game mode revolution (revolution) to configuration.
Adding game mode sandbox (sandbox) to configuration.
Adding game mode wizard (wizard) to configuration.
Saved mode is 'sandbox'
[23:51:43]ADMIN: Loading Banlistjob
[23:51:43]ADMIN: Loading jobban_rank
[23:51:43]ADMIN: jobban_keylist was empty
[23:51:43]ADMIN: Loading appearance_rank
[23:51:43]ADMIN: appearance_keylist was empty
[23:51:43]ADMIN: Updating jobbanfile!
[23:51:43]ADMIN: Loading Banlist
[23:51:44]ACCESS: Login: PLizzard/(PLizzard) from localhost-1886905086 || BYOND v506
[23:52:25]ADMIN: PLizzard has started the game.
[23:52:27]ACCESS: Logout: *no key*/(PLizzard)
[23:52:27]ACCESS: Login: PLizzard/(Jeannie Beck) from localhost-1886905086 || BYOND v506
[23:52:35]SAY: mouse/ : Squeek?
[23:52:43]ADMIN: PLizzard/(Jeannie Beck) spawned /mob/living/carbon/human at (129,117,1)
[23:52:53]SAY: corgi puppy/ : AUUUUUU
[23:52:57]SAY: Pete/ : EHEHEHEHEH
[23:53:04]ADMIN: PLizzard/(Jeannie Beck) spawned /obj/item/weapon/gun/projectile/revolver/doublebarrel at (129,120,1)
[23:53:06]SAY: mouse/ : Squeek!
[23:53:11]ACCESS: Logout: PLizzard[DC]/(Jeannie Beck)
